  main.cpp
c:\users\user\documents\visual studio 2015\projects\cagd-hw1\cagd-hw1\tool.h(55): warning C4244: '=': conversion from 'double' to 'float', possible loss of data
c:\users\user\documents\visual studio 2015\projects\cagd-hw1\cagd-hw1\tool.h(67): warning C4244: 'argument': conversion from 'double' to 'GLfloat', possible loss of data
c:\users\user\documents\visual studio 2015\projects\cagd-hw1\cagd-hw1\tool.h(103): warning C4244: '=': conversion from 'double' to 'float', possible loss of data
c:\users\user\documents\visual studio 2015\projects\cagd-hw1\cagd-hw1\tool.h(104): warning C4244: '=': conversion from 'double' to 'float', possible loss of data
c:\users\user\documents\visual studio 2015\projects\cagd-hw1\cagd-hw1\tool.h(113): warning C4244: '=': conversion from 'double' to 'float', possible loss of data
c:\users\user\documents\visual studio 2015\projects\cagd-hw1\cagd-hw1\tool.h(114): warning C4244: '=': conversion from 'double' to 'float', possible loss of data
c:\users\user\documents\visual studio 2015\projects\cagd-hw1\cagd-hw1\tool.h(121): warning C4244: '=': conversion from 'double' to 'float', possible loss of data
c:\users\user\documents\visual studio 2015\projects\cagd-hw1\cagd-hw1\tool.h(123): warning C4244: '=': conversion from 'double' to 'float', possible loss of data
c:\users\user\documents\visual studio 2015\projects\cagd-hw1\cagd-hw1\tool.h(134): warning C4244: '=': conversion from 'double' to 'float', possible loss of data
c:\users\user\documents\visual studio 2015\projects\cagd-hw1\cagd-hw1\tool.h(135): warning C4244: '=': conversion from 'double' to 'float', possible loss of data
c:\users\user\documents\visual studio 2015\projects\cagd-hw1\cagd-hw1\tool.h(141): warning C4244: '=': conversion from 'double' to 'float', possible loss of data
c:\users\user\documents\visual studio 2015\projects\cagd-hw1\cagd-hw1\tool.h(143): warning C4244: '=': conversion from 'double' to 'float', possible loss of data
c:\users\user\documents\visual studio 2015\projects\cagd-hw1\cagd-hw1\tool.h(150): warning C4244: '=': conversion from 'double' to 'float', possible loss of data
c:\users\user\documents\visual studio 2015\projects\cagd-hw1\cagd-hw1\tool.h(151): warning C4244: '=': conversion from 'double' to 'float', possible loss of data
c:\users\user\documents\visual studio 2015\projects\cagd-hw1\cagd-hw1\tool.h(156): warning C4244: '=': conversion from 'double' to 'float', possible loss of data
c:\users\user\documents\visual studio 2015\projects\cagd-hw1\cagd-hw1\tool.h(157): warning C4244: '=': conversion from 'double' to 'float', possible loss of data
c:\users\user\documents\visual studio 2015\projects\cagd-hw1\cagd-hw1\tool.h(161): warning C4244: '=': conversion from 'double' to 'float', possible loss of data
c:\users\user\documents\visual studio 2015\projects\cagd-hw1\cagd-hw1\tool.h(162): warning C4244: '=': conversion from 'double' to 'float', possible loss of data
c:\users\user\documents\visual studio 2015\projects\cagd-hw1\cagd-hw1\tool.h(91): warning C4101: 'temp_x': unreferenced local variable
c:\users\user\documents\visual studio 2015\projects\cagd-hw1\cagd-hw1\tool.h(91): warning C4101: 'temp_y': unreferenced local variable
c:\users\user\documents\visual studio 2015\projects\cagd-hw1\cagd-hw1\tool.h(289): warning C4244: '=': conversion from 'double' to 'float', possible loss of data
c:\users\user\documents\visual studio 2015\projects\cagd-hw1\cagd-hw1\tool.h(302): warning C4244: '=': conversion from 'double' to 'float', possible loss of data
c:\users\user\documents\visual studio 2015\projects\cagd-hw1\cagd-hw1\tool.h(304): warning C4244: '=': conversion from 'double' to 'float', possible loss of data
c:\users\user\documents\visual studio 2015\projects\cagd-hw1\cagd-hw1\tool.h(305): warning C4244: '=': conversion from 'double' to 'float', possible loss of data
c:\users\user\documents\visual studio 2015\projects\cagd-hw1\cagd-hw1\tool.h(430): warning C4244: '=': conversion from 'double' to 'float', possible loss of data
c:\users\user\documents\visual studio 2015\projects\cagd-hw1\cagd-hw1\tool.h(457): warning C4244: '=': conversion from 'double' to 'float', possible loss of data
c:\users\user\documents\visual studio 2015\projects\cagd-hw1\cagd-hw1\tool.h(541): warning C4244: '=': conversion from 'double' to 'float', possible loss of data
c:\users\user\documents\visual studio 2015\projects\cagd-hw1\cagd-hw1\tool.h(646): warning C4244: '=': conversion from 'double' to 'float', possible loss of data
c:\users\user\documents\visual studio 2015\projects\cagd-hw1\cagd-hw1\tool.h(602): warning C4101: 'distance': unreferenced local variable
c:\users\user\documents\visual studio 2015\projects\cagd-hw1\cagd-hw1\tool.h(604): warning C4101: 'vec_temp': unreferenced local variable
c:\users\user\documents\visual studio 2015\projects\cagd-hw1\cagd-hw1\tool.h(632): warning C4101: 'segment': unreferenced local variable
main.cpp(74): warning C4244: '=': conversion from 'double' to 'float', possible loss of data
main.cpp(92): warning C4244: '=': conversion from 'double' to 'float', possible loss of data
main.cpp(93): warning C4244: '=': conversion from 'double' to 'float', possible loss of data
main.cpp(132): warning C4305: 'argument': truncation from 'int' to 'GLubyte'
main.cpp(132): warning C4309: 'argument': truncation of constant value
main.cpp(173): warning C4244: '=': conversion from 'double' to 'float', possible loss of data
main.cpp(174): warning C4244: '=': conversion from 'double' to 'float', possible loss of data
main.cpp(198): warning C4244: '=': conversion from 'double' to 'float', possible loss of data
main.cpp(57): warning C4101: 't_sq': unreferenced local variable
main.cpp(352): warning C4244: '=': conversion from 'double' to 'float', possible loss of data
main.cpp(327): warning C4101: 'temp': unreferenced local variable
main.cpp(327): warning C4101: 't': unreferenced local variable
main.cpp(433): warning C4101: 'off_end': unreferenced local variable
main.cpp(433): warning C4101: 'off_start': unreferenced local variable
main.cpp(552): warning C4244: 'argument': conversion from 'float' to 'int', possible loss of data
main.cpp(474): warning C4101: 'end': unreferenced local variable
main.cpp(474): warning C4101: 'start': unreferenced local variable
  Generating code
  9 of 38 functions (23.7%) were compiled, the rest were copied from previous compilation.
    0 functions were new in current compilation
    3 functions had inline decision re-evaluated but remain unchanged
  Finished generating code
  CAGD-HW1.vcxproj -> C:\Users\User\Documents\Visual Studio 2015\Projects\CAGD-HW1\Release\CAGD-HW1.exe
  CAGD-HW1.vcxproj -> C:\Users\User\Documents\Visual Studio 2015\Projects\CAGD-HW1\Release\CAGD-HW1.pdb (Full PDB)
